PhantomJS is launching GhostDriver...
[INFO  - 2013-12-29T02:15:57.988Z] GhostDriver - Main - running on port 52106
[INFO  - 2013-12-29T02:15:58.981Z] Session [28195710-702f-11e3-bf08-2bb338ef3052] - _decorateNewWindow - page.settings: {"XSSAuditingEnabled":false,"javascriptCanCloseWindows":true,"javascriptCanOpenWindows":true,"javascriptEnabled":true,"loadImages":true,"localToRemoteUrlAccessEnabled":false,"userAgent":"Mozilla/5.0 (Macintosh; PPC Mac OS X) AppleWebKit/534.34 (KHTML, like Gecko) PhantomJS/1.9.2 Safari/534.34","webSecurityEnabled":true}
[INFO  - 2013-12-29T02:15:58.981Z] Session [28195710-702f-11e3-bf08-2bb338ef3052] - page.customHeaders:  - {}
[INFO  - 2013-12-29T02:15:58.981Z] Session [28195710-702f-11e3-bf08-2bb338ef3052] - CONSTRUCTOR - Desired Capabilities: {"platform":"ANY","browserName":"phantomjs","version":"","javascriptEnabled":true}
[INFO  - 2013-12-29T02:15:58.981Z] Session [28195710-702f-11e3-bf08-2bb338ef3052] - CONSTRUCTOR - Negotiated Capabilities: {"browserName":"phantomjs","version":"1.9.2","driverName":"ghostdriver","driverVersion":"1.0.4","platform":"mac-unknown-64bit","javascriptEnabled":true,"takesScreenshot":true,"handlesAlerts":false,"databaseEnabled":false,"locationContextEnabled":false,"applicationCacheEnabled":false,"browserConnectionEnabled":false,"cssSelectorsEnabled":true,"webStorageEnabled":false,"rotatable":false,"acceptSslCerts":false,"nativeEvents":true,"proxy":{"proxyType":"direct"}}
[INFO  - 2013-12-29T02:15:58.981Z] SessionManagerReqHand - _postNewSessionCommand - New Session Created: 28195710-702f-11e3-bf08-2bb338ef3052
2013-12-28 21:16:00.222 phantomjs[3084:507] CoreText performance note: Client called CTFontCreateWithName() using name "Times New Roman" and got font with PostScript name "TimesNewRomanPSMT". For best performance, only use PostScript names when calling this API.
2013-12-28 21:16:00.223 phantomjs[3084:507] CoreText performance note: Set a breakpoint on CTFontLogSuboptimalRequest to debug.
2013-12-28 21:16:06.334 phantomjs[3077:507] CoreText performance note: Client called CTFontCreateWithName() using name "Lucida Grande" and got font with PostScript name "LucidaGrande". For best performance, only use PostScript names when calling this API.
2013-12-28 21:16:06.497 phantomjs[3077:507] CoreText performance note: Client called CTFontCreateWithName() using name "Arial" and got font with PostScript name "ArialMT". For best performance, only use PostScript names when calling this API.
2013-12-28 21:16:06.499 phantomjs[3077:507] CoreText performance note: Client called CTFontCreateWithName() using name "Arial" and got font with PostScript name "ArialMT". For best performance, only use PostScript names when calling this API.
2013-12-28 21:18:08.467 phantomjs[3077:507] CoreText performance note: Client called CTFontCreateWithName() using name "Arial" and got font with PostScript name "ArialMT". For best performance, only use PostScript names when calling this API.
2013-12-28 21:18:08.467 phantomjs[3077:507] CoreText performance note: Client called CTFontCreateWithName() using name "Arial" and got font with PostScript name "ArialMT". For best performance, only use PostScript names when calling this API.
2013-12-28 21:18:08.468 phantomjs[3077:507] CoreText performance note: Client called CTFontCreateWithName() using name "Arial" and got font with PostScript name "ArialMT". For best performance, only use PostScript names when calling this API.
2013-12-28 21:18:08.468 phantomjs[3077:507] CoreText performance note: Client called CTFontCreateWithName() using name "Arial" and got font with PostScript name "ArialMT". For best performance, only use PostScript names when calling this API.
2013-12-28 21:18:08.469 phantomjs[3077:507] CoreText performance note: Client called CTFontCreateWithName() using name "Arial" and got font with PostScript name "ArialMT". For best performance, only use PostScript names when calling this API.
2013-12-28 21:18:08.470 phantomjs[3077:507] CoreText performance note: Client called CTFontCreateWithName() using name "Arial" and got font with PostScript name "ArialMT". For best performance, only use PostScript names when calling this API.
2013-12-28 21:18:08.772 phantomjs[3077:507] CoreText performance note: Client called CTFontCreateWithName() using name "Helvetica Neue" and got font with PostScript name "HelveticaNeue". For best performance, only use PostScript names when calling this API.
2013-12-28 21:18:08.777 phantomjs[3077:507] CoreText performance note: Client called CTFontCreateWithName() using name "Helvetica Neue" and got font with PostScript name "HelveticaNeue". For best performance, only use PostScript names when calling this API.
[INFO  - 2013-12-29T02:18:08.990Z] Session [23495870-702f-11e3-96aa-e1b13c6cfbdb] - _decorateNewWindow - page.settings: {"XSSAuditingEnabled":false,"javascriptCanCloseWindows":true,"javascriptCanOpenWindows":true,"javascriptEnabled":true,"loadImages":true,"localToRemoteUrlAccessEnabled":false,"userAgent":"Mozilla/5.0 (Macintosh; PPC Mac OS X) AppleWebKit/534.34 (KHTML, like Gecko) PhantomJS/1.9.2 Safari/534.34","webSecurityEnabled":true}
[INFO  - 2013-12-29T02:18:08.990Z] Session [23495870-702f-11e3-96aa-e1b13c6cfbdb] - page.customHeaders:  - {}
2013-12-28 21:18:09.564 phantomjs[3077:507] CoreText performance note: Client called CTFontCreateWithName() using name "Lucida Grande" and got font with PostScript name "LucidaGrande". For best performance, only use PostScript names when calling this API.
2013-12-28 21:18:09.567 phantomjs[3077:507] CoreText performance note: Client called CTFontCreateWithName() using name "Lucida Grande" and got font with PostScript name "LucidaGrande". For best performance, only use PostScript names when calling this API.
2013-12-28 21:18:09.567 phantomjs[3077:507] CoreText performance note: Client called CTFontCreateWithName() using name "Lucida Grande" and got font with PostScript name "LucidaGrande". For best performance, only use PostScript names when calling this API.
2013-12-28 21:18:09.568 phantomjs[3077:507] CoreText performance note: Client called CTFontCreateWithName() using name "Lucida Grande" and got font with PostScript name "LucidaGrande". For best performance, only use PostScript names when calling this API.
[INFO  - 2013-12-29T02:18:11.778Z] Session [23495870-702f-11e3-96aa-e1b13c6cfbdb] - _decorateNewWindow - page.settings: {"XSSAuditingEnabled":false,"javascriptCanCloseWindows":true,"javascriptCanOpenWindows":true,"javascriptEnabled":true,"loadImages":true,"localToRemoteUrlAccessEnabled":false,"userAgent":"Mozilla/5.0 (Macintosh; PPC Mac OS X) AppleWebKit/534.34 (KHTML, like Gecko) PhantomJS/1.9.2 Safari/534.34","webSecurityEnabled":true}
[INFO  - 2013-12-29T02:18:11.778Z] Session [23495870-702f-11e3-96aa-e1b13c6cfbdb] - page.customHeaders:  - {}
2013-12-28 21:18:12.316 phantomjs[3078:507] CoreText performance note: Client called CTFontCreateWithName() using name "Arial" and got font with PostScript name "ArialMT". For best performance, only use PostScript names when calling this API.
2013-12-28 21:18:12.316 phantomjs[3078:507] CoreText performance note: Client called CTFontCreateWithName() using name "Arial" and got font with PostScript name "ArialMT". For best performance, only use PostScript names when calling this API.
[INFO  - 2013-12-29T02:18:15.780Z] Session [23495870-702f-11e3-96aa-e1b13c6cfbdb] - _decorateNewWindow - page.settings: {"XSSAuditingEnabled":false,"javascriptCanCloseWindows":true,"javascriptCanOpenWindows":true,"javascriptEnabled":true,"loadImages":true,"localToRemoteUrlAccessEnabled":false,"userAgent":"Mozilla/5.0 (Macintosh; PPC Mac OS X) AppleWebKit/534.34 (KHTML, like Gecko) PhantomJS/1.9.2 Safari/534.34","webSecurityEnabled":true}
[INFO  - 2013-12-29T02:18:15.780Z] Session [23495870-702f-11e3-96aa-e1b13c6cfbdb] - page.customHeaders:  - {}
[INFO  - 2013-12-29T02:18:19.192Z] Session [23495870-702f-11e3-96aa-e1b13c6cfbdb] - _decorateNewWindow - page.settings: {"XSSAuditingEnabled":false,"javascriptCanCloseWindows":true,"javascriptCanOpenWindows":true,"javascriptEnabled":true,"loadImages":true,"localToRemoteUrlAccessEnabled":false,"userAgent":"Mozilla/5.0 (Macintosh; PPC Mac OS X) AppleWebKit/534.34 (KHTML, like Gecko) PhantomJS/1.9.2 Safari/534.34","webSecurityEnabled":true}
[INFO  - 2013-12-29T02:18:19.193Z] Session [23495870-702f-11e3-96aa-e1b13c6cfbdb] - page.customHeaders:  - {}
[INFO  - 2013-12-29T02:18:23.021Z] Session [23495870-702f-11e3-96aa-e1b13c6cfbdb] - _decorateNewWindow - page.settings: {"XSSAuditingEnabled":false,"javascriptCanCloseWindows":true,"javascriptCanOpenWindows":true,"javascriptEnabled":true,"loadImages":true,"localToRemoteUrlAccessEnabled":false,"userAgent":"Mozilla/5.0 (Macintosh; PPC Mac OS X) AppleWebKit/534.34 (KHTML, like Gecko) PhantomJS/1.9.2 Safari/534.34","webSecurityEnabled":true}
[INFO  - 2013-12-29T02:18:23.021Z] Session [23495870-702f-11e3-96aa-e1b13c6cfbdb] - page.customHeaders:  - {}
[INFO  - 2013-12-29T02:18:25.600Z] Session [23495870-702f-11e3-96aa-e1b13c6cfbdb] - _decorateNewWindow - page.settings: {"XSSAuditingEnabled":false,"javascriptCanCloseWindows":true,"javascriptCanOpenWindows":true,"javascriptEnabled":true,"loadImages":true,"localToRemoteUrlAccessEnabled":false,"userAgent":"Mozilla/5.0 (Macintosh; PPC Mac OS X) AppleWebKit/534.34 (KHTML, like Gecko) PhantomJS/1.9.2 Safari/534.34","webSecurityEnabled":true}
[INFO  - 2013-12-29T02:18:25.600Z] Session [23495870-702f-11e3-96aa-e1b13c6cfbdb] - page.customHeaders:  - {}
